# JRE version: OpenJDK Runtime Environment (11.0.13) (build 11.0.13+0-b1751.21-8125866)
# Java VM: OpenJDK 64-Bit Server VM (11.0.13+0-b1751.21-8125866, mixed mode, tiered, compressed oops, g1 gc, windows-amd64)
Heap:
 garbage-first heap   total 417792K, used 351399K [0x00000000a0000000, 0x0000000100000000)
  region size 1024K, 25 young (25600K), 3 survivors (3072K)
 Metaspace       used 169159K, capacity 174868K, committed 175184K, reserved 1202176K
  class space    used 21054K, capacity 22924K, committed 23040K, reserved 1048576K
GC Heap History (20 events):
Event: 330.805 GC heap before
{Heap before GC invocations=196 (full 0):
 garbage-first heap   total 369664K, used 300453K [0x00000000a0000000, 0x0000000100000000)
  region size 1024K, 18 young (18432K), 5 survivors (5120K)
 Metaspace       used 169093K, capacity 174776K, committed 174928K, reserved 1202176K
  class space    used 21044K, capacity 22918K, committed 23040K, reserved 1048576K
}
Event: 330.830 GC heap after
{Heap after GC invocations=197 (full 0):
 garbage-first heap   total 369664K, used 286916K [0x00000000a0000000, 0x0000000100000000)
  region size 1024K, 3 young (3072K), 3 survivors (3072K)
 Metaspace       used 169093K, capacity 174776K, committed 174928K, reserved 1202176K
  class space    used 21044K, capacity 22918K, committed 23040K, reserved 1048576K
}
Event: 331.091 GC heap before
{Heap before GC invocations=197 (full 0):
 garbage-first heap   total 369664K, used 314564K [0x00000000a0000000, 0x0000000100000000)
  region size 1024K, 31 young (31744K), 3 survivors (3072K)
 Metaspace       used 169093K, capacity 174777K, committed 174928K, reserved 1202176K
  class space    used 21044K, capacity 22918K, committed 23040K, reserved 1048576K
}
Event: 331.114 GC heap after
{Heap after GC invocations=198 (full 0):
 garbage-first heap   total 369664K, used 293684K [0x00000000a0000000, 0x0000000100000000)
  region size 1024K, 4 young (4096K), 4 survivors (4096K)
 Metaspace       used 169093K, capacity 174777K, committed 174928K, reserved 1202176K
  class space    used 21044K, capacity 22918K, committed 23040K, reserved 1048576K
}
Event: 331.402 GC heap before
{Heap before GC invocations=198 (full 0):
 garbage-first heap   total 369664K, used 319284K [0x00000000a0000000, 0x0000000100000000)
  region size 1024K, 28 young (28672K), 4 survivors (4096K)
 Metaspace       used 169094K, capacity 174777K, committed 174928K, reserved 1202176K
  class space    used 21044K, capacity 22918K, committed 23040K, reserved 1048576K
}
Event: 331.426 GC heap after
{Heap after GC invocations=199 (full 0):
 garbage-first heap   total 369664K, used 300032K [0x00000000a0000000, 0x0000000100000000)
  region size 1024K, 4 young (4096K), 4 survivors (4096K)
 Metaspace       used 169094K, capacity 174777K, committed 174928K, reserved 1202176K
  class space    used 21044K, capacity 22918K, committed 23040K, reserved 1048576K
}
Event: 331.645 GC heap before
{Heap before GC invocations=199 (full 0):
 garbage-first heap   total 369664K, used 320512K [0x00000000a0000000, 0x0000000100000000)
  region size 1024K, 24 young (24576K), 4 survivors (4096K)
 Metaspace       used 169096K, capacity 174779K, committed 174928K, reserved 1202176K
  class space    used 21044K, capacity 22918K, committed 23040K, reserved 1048576K
}
Event: 331.668 GC heap after
{Heap after GC invocations=200 (full 0):
 garbage-first heap   total 369664K, used 306166K [0x00000000a0000000, 0x0000000100000000)
  region size 1024K, 3 young (3072K), 3 survivors (3072K)
 Metaspace       used 169096K, capacity 174779K, committed 174928K, reserved 1202176K
  class space    used 21044K, capacity 22918K, committed 23040K, reserved 1048576K
}
Event: 332.269 GC heap before
{Heap before GC invocations=200 (full 0):
 garbage-first heap   total 369664K, used 321526K [0x00000000a0000000, 0x0000000100000000)
  region size 1024K, 18 young (18432K), 3 survivors (3072K)
 Metaspace       used 169146K, capacity 174865K, committed 175184K, reserved 1202176K
  class space    used 21053K, capacity 22924K, committed 23040K, reserved 1048576K
}
Event: 332.294 GC heap after
{Heap after GC invocations=201 (full 0):
 garbage-first heap   total 369664K, used 312320K [0x00000000a0000000, 0x0000000100000000)
  region size 1024K, 3 young (3072K), 3 survivors (3072K)
 Metaspace       used 169146K, capacity 174865K, committed 175184K, reserved 1202176K
  class space    used 21053K, capacity 22924K, committed 23040K, reserved 1048576K
}
Event: 332.689 GC heap before
{Heap before GC invocations=202 (full 0):
 garbage-first heap   total 369664K, used 328704K [0x00000000a0000000, 0x0000000100000000)
  region size 1024K, 18 young (18432K), 3 survivors (3072K)
 Metaspace       used 169159K, capacity 174868K, committed 175184K, reserved 1202176K
  class space    used 21054K, capacity 22924K, committed 23040K, reserved 1048576K
}
Event: 332.716 GC heap after
{Heap after GC invocations=203 (full 0):
 garbage-first heap   total 369664K, used 316999K [0x00000000a0000000, 0x0000000100000000)
  region size 1024K, 3 young (3072K), 3 survivors (3072K)
 Metaspace       used 169159K, capacity 174868K, committed 175184K, reserved 1202176K
  class space    used 21054K, capacity 22924K, committed 23040K, reserved 1048576K
}
Event: 332.972 GC heap before
{Heap before GC invocations=203 (full 0):
 garbage-first heap   total 369664K, used 332359K [0x00000000a0000000, 0x0000000100000000)
  region size 1024K, 18 young (18432K), 3 survivors (3072K)
 Metaspace       used 169159K, capacity 174868K, committed 175184K, reserved 1202176K
  class space    used 21054K, capacity 22924K, committed 23040K, reserved 1048576K
}
Event: 332.999 GC heap after
{Heap after GC invocations=204 (full 0):
 garbage-first heap   total 369664K, used 318220K [0x00000000a0000000, 0x0000000100000000)
  region size 1024K, 3 young (3072K), 3 survivors (3072K)
 Metaspace       used 169159K, capacity 174868K, committed 175184K, reserved 1202176K
  class space    used 21054K, capacity 22924K, committed 23040K, reserved 1048576K
}
Event: 333.280 GC heap before
{Heap before GC invocations=204 (full 0):
 garbage-first heap   total 369664K, used 332556K [0x00000000a0000000, 0x0000000100000000)
  region size 1024K, 18 young (18432K), 3 survivors (3072K)
 Metaspace       used 169159K, capacity 174868K, committed 175184K, reserved 1202176K
  class space    used 21054K, capacity 22924K, committed 23040K, reserved 1048576K
}
Event: 333.297 GC heap after
{Heap after GC invocations=205 (full 0):
 garbage-first heap   total 369664K, used 321834K [0x00000000a0000000, 0x0000000100000000)
  region size 1024K, 3 young (3072K), 3 survivors (3072K)
 Metaspace       used 169159K, capacity 174868K, committed 175184K, reserved 1202176K
  class space    used 21054K, capacity 22924K, committed 23040K, reserved 1048576K
}
Event: 333.717 GC heap before
{Heap before GC invocations=205 (full 0):
 garbage-first heap   total 369664K, used 337194K [0x00000000a0000000, 0x0000000100000000)
  region size 1024K, 18 young (18432K), 3 survivors (3072K)
 Metaspace       used 169159K, capacity 174868K, committed 175184K, reserved 1202176K
  class space    used 21054K, capacity 22924K, committed 23040K, reserved 1048576K
}
Event: 333.734 GC heap after
{Heap after GC invocations=206 (full 0):
 garbage-first heap   total 369664K, used 325369K [0x00000000a0000000, 0x0000000100000000)
  region size 1024K, 3 young (3072K), 3 survivors (3072K)
 Metaspace       used 169159K, capacity 174868K, committed 175184K, reserved 1202176K
  class space    used 21054K, capacity 22924K, committed 23040K, reserved 1048576K
}
Event: 334.036 GC heap before
{Heap before GC invocations=206 (full 0):
 garbage-first heap   total 369664K, used 340729K [0x00000000a0000000, 0x0000000100000000)
  region size 1024K, 18 young (18432K), 3 survivors (3072K)
 Metaspace       used 169159K, capacity 174868K, committed 175184K, reserved 1202176K
  class space    used 21054K, capacity 22924K, committed 23040K, reserved 1048576K
}
Event: 334.053 GC heap after
{Heap after GC invocations=207 (full 0):
 garbage-first heap   total 417792K, used 328871K [0x00000000a0000000, 0x0000000100000000)
  region size 1024K, 3 young (3072K), 3 survivors (3072K)
 Metaspace       used 169159K, capacity 174868K, committed 175184K, reserved 1202176K
  class space    used 21054K, capacity 22924K, committed 23040K, reserved 1048576K
}

